build/app/intermediates/manifest_merge_blame_file/release/manifest-merger-blame-release-report.txt
1<?xml version="1.0" encoding="utf-8"?>
2<manifest xmlns:android="http://schemas.android.com/apk/res/android"
3    package="com.example.kabyu_feather_webs"
4    android:versionCode="1"
5    android:versionName="1.0.0" >
6
7    <uses-sdk
8        android:minSdkVersion="21"
8-->src\main\AndroidManifest.xml
9        android:targetSdkVersion="28" />
9-->src\main\AndroidManifest.xml
10
11    <uses-permission android:name="android.permission.READ_EXTERNAL_STORAGE" />
11-->[:image_picker] AndroidManifest.xml:7:5-80
11-->[:image_picker] AndroidManifest.xml:7:22-77
12    <uses-permission android:name="android.permission.WRITE_EXTERNAL_STORAGE" />
12-->[:image_picker] AndroidManifest.xml:8:5-81
12-->[:image_picker] AndroidManifest.xml:8:22-78
13    <uses-permission android:name="android.permission.INTERNET" />
13-->[:google_sign_in] AndroidManifest.xml:7:5-67
13-->[:google_sign_in] AndroidManifest.xml:7:22-64
14    <uses-permission android:name="android.permission.ACCESS_NETWORK_STATE" />
14-->[com.google.firebase:firebase-auth:20.0.1] AndroidManifest.xml:24:5-79
14-->[com.google.firebase:firebase-auth:20.0.1] AndroidManifest.xml:24:22-76
15    <uses-permission android:name="android.permission.WAKE_LOCK" />
15-->[com.google.android.gms:play-services-measurement-api:18.0.0] AndroidManifest.xml:24:5-68
15-->[com.google.android.gms:play-services-measurement-api:18.0.0] AndroidManifest.xml:24:22-65
16    <uses-permission android:name="com.google.android.finsky.permission.BIND_GET_INSTALL_REFERRER_SERVICE" />
16-->[com.google.android.gms:play-services-measurement:18.0.0] AndroidManifest.xml:26:5-110
16-->[com.google.android.gms:play-services-measurement:18.0.0] AndroidManifest.xml:26:22-107
17    <!--
18 io.flutter.app.FlutterApplication is an android.app.Application that
19         calls FlutterMain.startInitialization(this); in its onCreate method.
20         In most cases you can leave this as-is, but you if you want to provide
21         additional functionality it is fine to subclass or reimplement
22         FlutterApplication and put your custom class here.
23    -->
24    <application
24-->src\main\AndroidManifest.xml:8:5-46:19
25        android:name="io.flutter.app.FlutterApplication"
25-->src\main\AndroidManifest.xml:9:9-57
26        android:appComponentFactory="androidx.core.app.CoreComponentFactory"
26-->[androidx.core:core:1.1.0] AndroidManifest.xml:24:18-86
27        android:icon="@mipmap/ic_launcher"
27-->src\main\AndroidManifest.xml:11:9-43
28        android:label="kabyu_feather_webs" >
28-->src\main\AndroidManifest.xml:10:9-43
29        <activity
29-->src\main\AndroidManifest.xml:12:9-40:20
30            android:name="com.example.kabyu_feather_webs.MainActivity"
30-->src\main\AndroidManifest.xml:13:13-41
31            android:configChanges="orientation|keyboardHidden|keyboard|screenSize|smallestScreenSize|locale|layoutDirection|fontScale|screenLayout|density|uiMode"
31-->src\main\AndroidManifest.xml:16:13-163
32            android:hardwareAccelerated="true"
32-->src\main\AndroidManifest.xml:17:13-47
33            android:launchMode="singleTop"
33-->src\main\AndroidManifest.xml:14:13-43
34            android:theme="@style/LaunchTheme"
34-->src\main\AndroidManifest.xml:15:13-47
35            android:windowSoftInputMode="adjustResize" >
35-->src\main\AndroidManifest.xml:18:13-55
36
37            <!--
38                 Specifies an Android theme to apply to this Activity as soon as
39                 the Android process has started. This theme is visible to the user
40                 while the Flutter UI initializes. After that, this theme continues
41                 to determine the Window background behind the Flutter UI.
42            -->
43            <meta-data
43-->src\main\AndroidManifest.xml:23:13-26:17
44                android:name="io.flutter.embedding.android.NormalTheme"
44-->src\main\AndroidManifest.xml:24:15-70
45                android:resource="@style/NormalTheme" />
45-->src\main\AndroidManifest.xml:25:15-52
46            <!--
47                 Displays an Android View that continues showing the launch screen
48                 Drawable until Flutter paints its first frame, then this splash
49                 screen fades out. A splash screen is useful to avoid any visual
50                 gap between the end of Android's launch screen and the painting of
51                 Flutter's first frame.
52            -->
53            <meta-data
53-->src\main\AndroidManifest.xml:32:13-35:17
54                android:name="io.flutter.embedding.android.SplashScreenDrawable"
54-->src\main\AndroidManifest.xml:33:15-79
55                android:resource="@drawable/launch_background" />
55-->src\main\AndroidManifest.xml:34:15-61
56
57            <intent-filter>
57-->src\main\AndroidManifest.xml:36:13-39:29
58                <action android:name="android.intent.action.MAIN" />
58-->src\main\AndroidManifest.xml:37:17-68
58-->src\main\AndroidManifest.xml:37:25-66
59
60                <category android:name="android.intent.category.LAUNCHER" />
60-->src\main\AndroidManifest.xml:38:17-76
60-->src\main\AndroidManifest.xml:38:27-74
61            </intent-filter>
62        </activity>
63        <!--
64             Don't delete the meta-data below.
65             This is used by the Flutter tool to generate GeneratedPluginRegistrant.java
66        -->
67        <meta-data
67-->src\main\AndroidManifest.xml:43:9-45:33
68            android:name="flutterEmbedding"
68-->src\main\AndroidManifest.xml:44:13-44
69            android:value="2" />
69-->src\main\AndroidManifest.xml:45:13-30
70
71        <service
71-->[:firebase_auth] AndroidManifest.xml:8:9-12:19
72            android:name="com.google.firebase.components.ComponentDiscoveryService"
72-->[:firebase_auth] AndroidManifest.xml:8:18-89
73            android:directBootAware="true"
73-->[com.google.firebase:firebase-common:19.4.0] AndroidManifest.xml:35:13-43
74            android:exported="false" >
74-->[com.google.firebase:firebase-auth:20.0.1] AndroidManifest.xml:76:13-37
75            <meta-data
75-->[:firebase_auth] AndroidManifest.xml:9:13-11:85
76                android:name="com.google.firebase.components:io.flutter.plugins.firebase.auth.FlutterFirebaseAuthRegistrar"
76-->[:firebase_auth] AndroidManifest.xml:10:17-124
77                android:value="com.google.firebase.components.ComponentRegistrar" />
77-->[:firebase_auth] AndroidManifest.xml:11:17-82
78            <meta-data
78-->[:cloud_firestore] AndroidManifest.xml:9:13-11:85
79                android:name="com.google.firebase.components:io.flutter.plugins.firebase.firestore.FlutterFirebaseFirestoreRegistrar"
79-->[:cloud_firestore] AndroidManifest.xml:10:17-134
80                android:value="com.google.firebase.components.ComponentRegistrar" />
80-->[:cloud_firestore] AndroidManifest.xml:11:17-82
81            <meta-data
81-->[:firebase_storage] AndroidManifest.xml:9:13-11:85
82                android:name="com.google.firebase.components:io.flutter.plugins.firebase.storage.FlutterFirebaseAppRegistrar"
82-->[:firebase_storage] AndroidManifest.xml:10:17-126
83                android:value="com.google.firebase.components.ComponentRegistrar" />
83-->[:firebase_storage] AndroidManifest.xml:11:17-82
84            <meta-data
84-->[:firebase_core] AndroidManifest.xml:9:13-11:85
85                android:name="com.google.firebase.components:io.flutter.plugins.firebase.core.FlutterFirebaseCoreRegistrar"
85-->[:firebase_core] AndroidManifest.xml:10:17-124
86                android:value="com.google.firebase.components.ComponentRegistrar" />
86-->[:firebase_core] AndroidManifest.xml:11:17-82
87            <meta-data
87-->[com.google.firebase:firebase-auth:20.0.1] AndroidManifest.xml:77:13-79:85
88                android:name="com.google.firebase.components:com.google.firebase.auth.FirebaseAuthRegistrar"
88-->[com.google.firebase:firebase-auth:20.0.1] AndroidManifest.xml:78:17-109
89                android:value="com.google.firebase.components.ComponentRegistrar" />
89-->[com.google.firebase:firebase-auth:20.0.1] AndroidManifest.xml:79:17-82
90            <meta-data
90-->[com.google.firebase:firebase-firestore:22.0.0] AndroidManifest.xml:20:13-22:85
91                android:name="com.google.firebase.components:com.google.firebase.firestore.FirestoreRegistrar"
91-->[com.google.firebase:firebase-firestore:22.0.0] AndroidManifest.xml:21:17-111
92                android:value="com.google.firebase.components.ComponentRegistrar" />
92-->[com.google.firebase:firebase-firestore:22.0.0] AndroidManifest.xml:22:17-82
93            <meta-data
93-->[com.google.firebase:firebase-storage:19.2.0] AndroidManifest.xml:33:13-35:85
94                android:name="com.google.firebase.components:com.google.firebase.storage.StorageRegistrar"
94-->[com.google.firebase:firebase-storage:19.2.0] AndroidManifest.xml:34:17-107
95                android:value="com.google.firebase.components.ComponentRegistrar" />
95-->[com.google.firebase:firebase-storage:19.2.0] AndroidManifest.xml:35:17-82
96            <meta-data
96-->[com.google.android.gms:play-services-measurement-api:18.0.0] AndroidManifest.xml:30:13-32:85
97                android:name="com.google.firebase.components:com.google.firebase.analytics.connector.internal.AnalyticsConnectorRegistrar"
97-->[com.google.android.gms:play-services-measurement-api:18.0.0] AndroidManifest.xml:31:17-139
98                android:value="com.google.firebase.components.ComponentRegistrar" />
98-->[com.google.android.gms:play-services-measurement-api:18.0.0] AndroidManifest.xml:32:17-82
99            <meta-data
99-->[com.google.firebase:firebase-installations:16.3.4] AndroidManifest.xml:18:13-20:85
100                android:name="com.google.firebase.components:com.google.firebase.installations.FirebaseInstallationsRegistrar"
100-->[com.google.firebase:firebase-installations:16.3.4] AndroidManifest.xml:19:17-127
101                android:value="com.google.firebase.components.ComponentRegistrar" />
101-->[com.google.firebase:firebase-installations:16.3.4] AndroidManifest.xml:20:17-82
102        </service>
103
104        <provider
104-->[:image_picker] AndroidManifest.xml:11:9-19:20
105            android:name="io.flutter.plugins.imagepicker.ImagePickerFileProvider"
105-->[:image_picker] AndroidManifest.xml:12:13-82
106            android:authorities="com.example.kabyu_feather_webs.flutter.image_provider"
106-->[:image_picker] AndroidManifest.xml:13:13-74
107            android:exported="false"
107-->[:image_picker] AndroidManifest.xml:14:13-37
108            android:grantUriPermissions="true" >
108-->[:image_picker] AndroidManifest.xml:15:13-47
109            <meta-data
109-->[:image_picker] AndroidManifest.xml:16:13-18:75
110                android:name="android.support.FILE_PROVIDER_PATHS"
110-->[:image_picker] AndroidManifest.xml:17:17-67
111                android:resource="@xml/flutter_image_picker_file_paths" />
111-->[:image_picker] AndroidManifest.xml:18:17-72
112        </provider>
113
114        <activity
114-->[com.google.firebase:firebase-auth:20.0.1] AndroidManifest.xml:27:9-44:20
115            android:name="com.google.firebase.auth.internal.GenericIdpActivity"
115-->[com.google.firebase:firebase-auth:20.0.1] AndroidManifest.xml:28:13-80
116            android:excludeFromRecents="true"
116-->[com.google.firebase:firebase-auth:20.0.1] AndroidManifest.xml:29:13-46
117            android:exported="true"
117-->[com.google.firebase:firebase-auth:20.0.1] AndroidManifest.xml:30:13-36
118            android:launchMode="singleTask"
118-->[com.google.firebase:firebase-auth:20.0.1] AndroidManifest.xml:31:13-44
119            android:theme="@android:style/Theme.Translucent.NoTitleBar" >
119-->[com.google.firebase:firebase-auth:20.0.1] AndroidManifest.xml:32:13-72
120            <intent-filter>
120-->[com.google.firebase:firebase-auth:20.0.1] AndroidManifest.xml:33:13-43:29
121                <action android:name="android.intent.action.VIEW" />
121-->[com.google.firebase:firebase-auth:20.0.1] AndroidManifest.xml:34:17-69
121-->[com.google.firebase:firebase-auth:20.0.1] AndroidManifest.xml:34:25-66
122
123                <category android:name="android.intent.category.DEFAULT" />
123-->[com.google.firebase:firebase-auth:20.0.1] AndroidManifest.xml:36:17-76
123-->[com.google.firebase:firebase-auth:20.0.1] AndroidManifest.xml:36:27-73
124                <category android:name="android.intent.category.BROWSABLE" />
124-->[com.google.firebase:firebase-auth:20.0.1] AndroidManifest.xml:37:17-78
124-->[com.google.firebase:firebase-auth:20.0.1] AndroidManifest.xml:37:27-75
125
126                <data
126-->[com.google.firebase:firebase-auth:20.0.1] AndroidManifest.xml:39:17-42:51
127                    android:host="firebase.auth"
127-->[com.google.firebase:firebase-auth:20.0.1] AndroidManifest.xml:40:21-49
128                    android:path="/"
128-->[com.google.firebase:firebase-auth:20.0.1] AndroidManifest.xml:41:21-37
129                    android:scheme="genericidp" />
129-->[com.google.firebase:firebase-auth:20.0.1] AndroidManifest.xml:42:21-48
130            </intent-filter>
131        </activity>
132        <activity
132-->[com.google.firebase:firebase-auth:20.0.1] AndroidManifest.xml:45:9-62:20
133            android:name="com.google.firebase.auth.internal.RecaptchaActivity"
133-->[com.google.firebase:firebase-auth:20.0.1] AndroidManifest.xml:46:13-79
134            android:excludeFromRecents="true"
134-->[com.google.firebase:firebase-auth:20.0.1] AndroidManifest.xml:47:13-46
135            android:exported="true"
135-->[com.google.firebase:firebase-auth:20.0.1] AndroidManifest.xml:48:13-36
136            android:launchMode="singleTask"
136-->[com.google.firebase:firebase-auth:20.0.1] AndroidManifest.xml:49:13-44
137            android:theme="@android:style/Theme.Translucent.NoTitleBar" >
137-->[com.google.firebase:firebase-auth:20.0.1] AndroidManifest.xml:50:13-72
138            <intent-filter>
138-->[com.google.firebase:firebase-auth:20.0.1] AndroidManifest.xml:51:13-61:29
139                <action android:name="android.intent.action.VIEW" />
139-->[com.google.firebase:firebase-auth:20.0.1] AndroidManifest.xml:34:17-69
139-->[com.google.firebase:firebase-auth:20.0.1] AndroidManifest.xml:34:25-66
140
141                <category android:name="android.intent.category.DEFAULT" />
141-->[com.google.firebase:firebase-auth:20.0.1] AndroidManifest.xml:36:17-76
141-->[com.google.firebase:firebase-auth:20.0.1] AndroidManifest.xml:36:27-73
142                <category android:name="android.intent.category.BROWSABLE" />
142-->[com.google.firebase:firebase-auth:20.0.1] AndroidManifest.xml:37:17-78
142-->[com.google.firebase:firebase-auth:20.0.1] AndroidManifest.xml:37:27-75
143
144                <data
144-->[com.google.firebase:firebase-auth:20.0.1] AndroidManifest.xml:39:17-42:51
145                    android:host="firebase.auth"
145-->[com.google.firebase:firebase-auth:20.0.1] AndroidManifest.xml:40:21-49
146                    android:path="/"
146-->[com.google.firebase:firebase-auth:20.0.1] AndroidManifest.xml:41:21-37
147                    android:scheme="recaptcha" />
147-->[com.google.firebase:firebase-auth:20.0.1] AndroidManifest.xml:42:21-48
148            </intent-filter>
149        </activity>
150
151        <service
151-->[com.google.firebase:firebase-auth:20.0.1] AndroidManifest.xml:64:9-73:19
152            android:name="com.google.firebase.auth.api.fallback.service.FirebaseAuthFallbackService"
152-->[com.google.firebase:firebase-auth:20.0.1] AndroidManifest.xml:65:13-101
153            android:enabled="true"
153-->[com.google.firebase:firebase-auth:20.0.1] AndroidManifest.xml:66:13-35
154            android:exported="false" >
154-->[com.google.firebase:firebase-auth:20.0.1] AndroidManifest.xml:67:13-37
155            <intent-filter>
155-->[com.google.firebase:firebase-auth:20.0.1] AndroidManifest.xml:68:13-72:29
156                <action android:name="com.google.firebase.auth.api.gms.service.START" />
156-->[com.google.firebase:firebase-auth:20.0.1] AndroidManifest.xml:69:17-89
156-->[com.google.firebase:firebase-auth:20.0.1] AndroidManifest.xml:69:25-86
157
158                <category android:name="android.intent.category.DEFAULT" />
158-->[com.google.firebase:firebase-auth:20.0.1] AndroidManifest.xml:36:17-76
158-->[com.google.firebase:firebase-auth:20.0.1] AndroidManifest.xml:36:27-73
159            </intent-filter>
160        </service>
161
162        <provider
162-->[com.google.firebase:firebase-common:19.4.0] AndroidManifest.xml:26:9-31:39
163            android:name="com.google.firebase.provider.FirebaseInitProvider"
163-->[com.google.firebase:firebase-common:19.4.0] AndroidManifest.xml:27:13-77
164            android:authorities="com.example.kabyu_feather_webs.firebaseinitprovider"
164-->[com.google.firebase:firebase-common:19.4.0] AndroidManifest.xml:28:13-72
165            android:directBootAware="true"
165-->[com.google.firebase:firebase-common:19.4.0] AndroidManifest.xml:29:13-43
166            android:exported="false"
166-->[com.google.firebase:firebase-common:19.4.0] AndroidManifest.xml:30:13-37
167            android:initOrder="100" />
167-->[com.google.firebase:firebase-common:19.4.0] AndroidManifest.xml:31:13-36
168
169        <activity
169-->[com.google.android.gms:play-services-auth:16.0.1] AndroidManifest.xml:23:9-27:75
170            android:name="com.google.android.gms.auth.api.signin.internal.SignInHubActivity"
170-->[com.google.android.gms:play-services-auth:16.0.1] AndroidManifest.xml:24:13-93
171            android:excludeFromRecents="true"
171-->[com.google.android.gms:play-services-auth:16.0.1] AndroidManifest.xml:25:13-46
172            android:exported="false"
172-->[com.google.android.gms:play-services-auth:16.0.1] AndroidManifest.xml:26:13-37
173            android:theme="@android:style/Theme.Translucent.NoTitleBar" />
173-->[com.google.android.gms:play-services-auth:16.0.1] AndroidManifest.xml:27:13-72
174        <!--
175            Service handling Google Sign-In user revocation. For apps that do not integrate with
176            Google Sign-In, this service will never be started.
177        -->
178        <service
178-->[com.google.android.gms:play-services-auth:16.0.1] AndroidManifest.xml:33:9-36:110
179            android:name="com.google.android.gms.auth.api.signin.RevocationBoundService"
179-->[com.google.android.gms:play-services-auth:16.0.1] AndroidManifest.xml:34:13-89
180            android:exported="true"
180-->[com.google.android.gms:play-services-auth:16.0.1] AndroidManifest.xml:35:13-36
181            android:permission="com.google.android.gms.auth.api.signin.permission.REVOCATION_NOTIFICATION" />
181-->[com.google.android.gms:play-services-auth:16.0.1] AndroidManifest.xml:36:13-107
182
183        <activity
183-->[com.google.android.gms:play-services-base:17.1.0] AndroidManifest.xml:23:9-26:75
184            android:name="com.google.android.gms.common.api.GoogleApiActivity"
184-->[com.google.android.gms:play-services-base:17.1.0] AndroidManifest.xml:24:13-79
185            android:exported="false"
185-->[com.google.android.gms:play-services-base:17.1.0] AndroidManifest.xml:25:13-37
186            android:theme="@android:style/Theme.Translucent.NoTitleBar" />
186-->[com.google.android.gms:play-services-base:17.1.0] AndroidManifest.xml:26:13-72
187
188        <receiver
188-->[com.google.android.gms:play-services-measurement:18.0.0] AndroidManifest.xml:29:9-33:20
189            android:name="com.google.android.gms.measurement.AppMeasurementReceiver"
189-->[com.google.android.gms:play-services-measurement:18.0.0] AndroidManifest.xml:30:13-85
190            android:enabled="true"
190-->[com.google.android.gms:play-services-measurement:18.0.0] AndroidManifest.xml:31:13-35
191            android:exported="false" >
191-->[com.google.android.gms:play-services-measurement:18.0.0] AndroidManifest.xml:32:13-37
192        </receiver>
193
194        <service
194-->[com.google.android.gms:play-services-measurement:18.0.0] AndroidManifest.xml:35:9-38:40
195            android:name="com.google.android.gms.measurement.AppMeasurementService"
195-->[com.google.android.gms:play-services-measurement:18.0.0] AndroidManifest.xml:36:13-84
196            android:enabled="true"
196-->[com.google.android.gms:play-services-measurement:18.0.0] AndroidManifest.xml:37:13-35
197            android:exported="false" />
197-->[com.google.android.gms:play-services-measurement:18.0.0] AndroidManifest.xml:38:13-37
198        <service
198-->[com.google.android.gms:play-services-measurement:18.0.0] AndroidManifest.xml:39:9-43:72
199            android:name="com.google.android.gms.measurement.AppMeasurementJobService"
199-->[com.google.android.gms:play-services-measurement:18.0.0] AndroidManifest.xml:40:13-87
200            android:enabled="true"
200-->[com.google.android.gms:play-services-measurement:18.0.0] AndroidManifest.xml:41:13-35
201            android:exported="false"
201-->[com.google.android.gms:play-services-measurement:18.0.0] AndroidManifest.xml:42:13-37
202            android:permission="android.permission.BIND_JOB_SERVICE" />
202-->[com.google.android.gms:play-services-measurement:18.0.0] AndroidManifest.xml:43:13-69
203
204        <meta-data
204-->[com.google.android.gms:play-services-basement:17.1.0] AndroidManifest.xml:23:9-25:69
205            android:name="com.google.android.gms.version"
205-->[com.google.android.gms:play-services-basement:17.1.0] AndroidManifest.xml:24:13-58
206            android:value="@integer/google_play_services_version" />
206-->[com.google.android.gms:play-services-basement:17.1.0] AndroidManifest.xml:25:13-66
207    </application>
208
209</manifest>